G:\Test\Euromonitor\Store.API\Client\dist\out-tsc\e2e\src\app.po.js
G:\Test\Euromonitor\Store.API\Client\dist\out-tsc\e2e\src\app.po.js.map
G:\Test\Euromonitor\Store.API\Client\dist\out-tsc\e2e\src\app.e2e-spec.js
G:\Test\Euromonitor\Store.API\Client\dist\out-tsc\e2e\src\app.e2e-spec.js.map
G:\Test\Euromonitor\Store.API\Client\dist\out-tsc\src\app\app.component.js
G:\Test\Euromonitor\Store.API\Client\dist\out-tsc\src\app\app.component.js.map
G:\Test\Euromonitor\Store.API\Client\dist\out-tsc\src\app\_models\Login.js
G:\Test\Euromonitor\Store.API\Client\dist\out-tsc\src\app\_models\Login.js.map
G:\Test\Euromonitor\Store.API\Client\dist\out-tsc\src\app\servives\authentication.service.js
G:\Test\Euromonitor\Store.API\Client\dist\out-tsc\src\app\servives\authentication.service.js.map
G:\Test\Euromonitor\Store.API\Client\dist\out-tsc\src\app\login\login.component.js
G:\Test\Euromonitor\Store.API\Client\dist\out-tsc\src\app\login\login.component.js.map
G:\Test\Euromonitor\Store.API\Client\dist\out-tsc\src\app\shared\header\header.component.js
G:\Test\Euromonitor\Store.API\Client\dist\out-tsc\src\app\shared\header\header.component.js.map
G:\Test\Euromonitor\Store.API\Client\dist\out-tsc\src\app\shared\footer\footer.component.js
G:\Test\Euromonitor\Store.API\Client\dist\out-tsc\src\app\shared\footer\footer.component.js.map
G:\Test\Euromonitor\Store.API\Client\dist\out-tsc\src\app\_models\product.js
G:\Test\Euromonitor\Store.API\Client\dist\out-tsc\src\app\_models\product.js.map
G:\Test\Euromonitor\Store.API\Client\dist\out-tsc\src\app\main\main.component.js
G:\Test\Euromonitor\Store.API\Client\dist\out-tsc\src\app\main\main.component.js.map
G:\Test\Euromonitor\Store.API\Client\dist\out-tsc\src\app\shared\nav\nav.component.js
G:\Test\Euromonitor\Store.API\Client\dist\out-tsc\src\app\shared\nav\nav.component.js.map
G:\Test\Euromonitor\Store.API\Client\dist\out-tsc\src\app\main\filters\filters.component.js
G:\Test\Euromonitor\Store.API\Client\dist\out-tsc\src\app\main\filters\filters.component.js.map
G:\Test\Euromonitor\Store.API\Client\dist\out-tsc\src\app\services\product.service.js
G:\Test\Euromonitor\Store.API\Client\dist\out-tsc\src\app\services\product.service.js.map
G:\Test\Euromonitor\Store.API\Client\dist\out-tsc\src\app\main\product-list\product-list.component.js
G:\Test\Euromonitor\Store.API\Client\dist\out-tsc\src\app\main\product-list\product-list.component.js.map
G:\Test\Euromonitor\Store.API\Client\dist\out-tsc\src\app\services\messager.service.js
G:\Test\Euromonitor\Store.API\Client\dist\out-tsc\src\app\services\messager.service.js.map
G:\Test\Euromonitor\Store.API\Client\dist\out-tsc\src\app\main\product-cart\product-cart.component.js
G:\Test\Euromonitor\Store.API\Client\dist\out-tsc\src\app\main\product-cart\product-cart.component.js.map
G:\Test\Euromonitor\Store.API\Client\dist\out-tsc\src\app\main\product-item\product-item.component.js
G:\Test\Euromonitor\Store.API\Client\dist\out-tsc\src\app\main\product-item\product-item.component.js.map
G:\Test\Euromonitor\Store.API\Client\dist\out-tsc\src\app\main\item\item.component.js
G:\Test\Euromonitor\Store.API\Client\dist\out-tsc\src\app\main\item\item.component.js.map
G:\Test\Euromonitor\Store.API\Client\dist\out-tsc\src\app\register\register.component.js
G:\Test\Euromonitor\Store.API\Client\dist\out-tsc\src\app\register\register.component.js.map
G:\Test\Euromonitor\Store.API\Client\dist\out-tsc\src\app\logout\logout.component.js
G:\Test\Euromonitor\Store.API\Client\dist\out-tsc\src\app\logout\logout.component.js.map
G:\Test\Euromonitor\Store.API\Client\dist\out-tsc\src\app\app.module.js
G:\Test\Euromonitor\Store.API\Client\dist\out-tsc\src\app\app.module.js.map
G:\Test\Euromonitor\Store.API\Client\dist\out-tsc\src\environments\environment.js
G:\Test\Euromonitor\Store.API\Client\dist\out-tsc\src\environments\environment.js.map
G:\Test\Euromonitor\Store.API\Client\dist\out-tsc\src\main.js
G:\Test\Euromonitor\Store.API\Client\dist\out-tsc\src\main.js.map
G:\Test\Euromonitor\Store.API\Client\dist\out-tsc\src\polyfills.js
G:\Test\Euromonitor\Store.API\Client\dist\out-tsc\src\polyfills.js.map
G:\Test\Euromonitor\Store.API\Client\dist\out-tsc\src\test.js
G:\Test\Euromonitor\Store.API\Client\dist\out-tsc\src\test.js.map
G:\Test\Euromonitor\Store.API\Client\dist\out-tsc\src\app\app-routing.module.js
G:\Test\Euromonitor\Store.API\Client\dist\out-tsc\src\app\app-routing.module.js.map
G:\Test\Euromonitor\Store.API\Client\dist\out-tsc\src\app\app.component.spec.js
G:\Test\Euromonitor\Store.API\Client\dist\out-tsc\src\app\app.component.spec.js.map
G:\Test\Euromonitor\Store.API\Client\dist\out-tsc\src\app\_models\product.spec.js
G:\Test\Euromonitor\Store.API\Client\dist\out-tsc\src\app\_models\product.spec.js.map
G:\Test\Euromonitor\Store.API\Client\dist\out-tsc\src\app\login\login.component.spec.js
G:\Test\Euromonitor\Store.API\Client\dist\out-tsc\src\app\login\login.component.spec.js.map
G:\Test\Euromonitor\Store.API\Client\dist\out-tsc\src\app\logout\logout.component.spec.js
G:\Test\Euromonitor\Store.API\Client\dist\out-tsc\src\app\logout\logout.component.spec.js.map
G:\Test\Euromonitor\Store.API\Client\dist\out-tsc\src\app\main\main.component.spec.js
G:\Test\Euromonitor\Store.API\Client\dist\out-tsc\src\app\main\main.component.spec.js.map
G:\Test\Euromonitor\Store.API\Client\dist\out-tsc\src\app\main\filters\filters.component.spec.js
G:\Test\Euromonitor\Store.API\Client\dist\out-tsc\src\app\main\filters\filters.component.spec.js.map
G:\Test\Euromonitor\Store.API\Client\dist\out-tsc\src\app\main\item\item.component.spec.js
G:\Test\Euromonitor\Store.API\Client\dist\out-tsc\src\app\main\item\item.component.spec.js.map
G:\Test\Euromonitor\Store.API\Client\dist\out-tsc\src\app\main\product-cart\product-cart.component.spec.js
G:\Test\Euromonitor\Store.API\Client\dist\out-tsc\src\app\main\product-cart\product-cart.component.spec.js.map
G:\Test\Euromonitor\Store.API\Client\dist\out-tsc\src\app\main\product-item\product-item.component.spec.js
G:\Test\Euromonitor\Store.API\Client\dist\out-tsc\src\app\main\product-item\product-item.component.spec.js.map
G:\Test\Euromonitor\Store.API\Client\dist\out-tsc\src\app\main\product-list\product-list.component.spec.js
G:\Test\Euromonitor\Store.API\Client\dist\out-tsc\src\app\main\product-list\product-list.component.spec.js.map
G:\Test\Euromonitor\Store.API\Client\dist\out-tsc\src\app\register\register.component.spec.js
G:\Test\Euromonitor\Store.API\Client\dist\out-tsc\src\app\register\register.component.spec.js.map
G:\Test\Euromonitor\Store.API\Client\dist\out-tsc\src\app\services\alert.service.js
G:\Test\Euromonitor\Store.API\Client\dist\out-tsc\src\app\services\alert.service.js.map
G:\Test\Euromonitor\Store.API\Client\dist\out-tsc\src\app\services\alert.service.spec.js
G:\Test\Euromonitor\Store.API\Client\dist\out-tsc\src\app\services\alert.service.spec.js.map
G:\Test\Euromonitor\Store.API\Client\dist\out-tsc\src\app\services\messager.service.spec.js
G:\Test\Euromonitor\Store.API\Client\dist\out-tsc\src\app\services\messager.service.spec.js.map
G:\Test\Euromonitor\Store.API\Client\dist\out-tsc\src\app\services\product.service.spec.js
G:\Test\Euromonitor\Store.API\Client\dist\out-tsc\src\app\services\product.service.spec.js.map
G:\Test\Euromonitor\Store.API\Client\dist\out-tsc\src\app\servives\authentication.service.spec.js
G:\Test\Euromonitor\Store.API\Client\dist\out-tsc\src\app\servives\authentication.service.spec.js.map
G:\Test\Euromonitor\Store.API\Client\dist\out-tsc\src\app\shared\footer\footer.component.spec.js
G:\Test\Euromonitor\Store.API\Client\dist\out-tsc\src\app\shared\footer\footer.component.spec.js.map
G:\Test\Euromonitor\Store.API\Client\dist\out-tsc\src\app\shared\header\header.component.spec.js
G:\Test\Euromonitor\Store.API\Client\dist\out-tsc\src\app\shared\header\header.component.spec.js.map
G:\Test\Euromonitor\Store.API\Client\dist\out-tsc\src\app\shared\nav\nav.component.spec.js
G:\Test\Euromonitor\Store.API\Client\dist\out-tsc\src\app\shared\nav\nav.component.spec.js.map
G:\Test\Euromonitor\Store.API\Client\dist\out-tsc\src\environments\environment.prod.js
G:\Test\Euromonitor\Store.API\Client\dist\out-tsc\src\environments\environment.prod.js.map
